<?xml version="1.0" encoding="UTF-8"?>
<!-- Generated by org.testng.reporters.JUnitReportReporter -->
<testsuite hostname="DESKTOP-L0LQ9J6" failures="0" tests="1" name="com.herokuapp.theinternet.editortests.EditorTests" time="13.781" errors="0" timestamp="13 Aug 2021 15:09:12 GMT" skipped="0">
  <testcase classname="com.herokuapp.theinternet.editortests.EditorTests" name="defaultEditorValueTest" time="13.781"/>
</testsuite> <!-- com.herokuapp.theinternet.editortests.EditorTests -->
