<?xml version="1.0" encoding="UTF-8"?>
<!-- Generated by org.testng.reporters.JUnitReportReporter -->
<testsuite hostname="DESKTOP-L0LQ9J6" failures="0" tests="1" name="com.herokuapp.theinternet.keypressestests.KeyPressesTests" time="12.982" errors="0" timestamp="12 Aug 2021 06:48:05 GMT" skipped="0">
  <testcase classname="com.herokuapp.theinternet.keypressestests.KeyPressesTests" name="pressKeyWithActionsTest" time="12.982"/>
</testsuite> <!-- com.herokuapp.theinternet.keypressestests.KeyPressesTests -->
