<?xml version="1.0" encoding="UTF-8"?>
<!-- Generated by org.testng.reporters.JUnitReportReporter -->
<testsuite hostname="DESKTOP-L0LQ9J6" failures="0" tests="1" name="com.herokuapp.theinternet.uploadtests.UploadTests" time="13.296" errors="0" timestamp="12 Aug 2021 07:35:54 GMT" skipped="0">
  <testcase classname="com.herokuapp.theinternet.uploadtests.UploadTests" name="imageUploadTest" time="13.296"/>
</testsuite> <!-- com.herokuapp.theinternet.uploadtests.UploadTests -->
